<?xml version="1.0" encoding="UTF-8"?>
<testng-results ignored="0" total="2" passed="2" failed="0" skipped="0">
  <reporter-output>
  </reporter-output>
  <suite started-at="2024-03-06T00:25:58 IST" name="Default suite" finished-at="2024-03-06T00:26:13 IST" duration-ms="14893">
    <groups>
    </groups>
    <test started-at="2024-03-06T00:25:58 IST" name="Default test" finished-at="2024-03-06T00:26:13 IST" duration-ms="14893">
      <class name="testPackage.FitpeoTest">
        <test-method is-config="true" signature="logger()[pri:0, instance:testPackage.FitpeoTest@12d2ce03]" started-at="2024-03-06T00:25:58 IST" name="logger" finished-at="2024-03-06T00:25:58 IST" duration-ms="111" status="PASS">
          <reporter-output>
          </reporter-output>
        </test-method> <!-- logger -->
        <test-method signature="launchBrowserMethod()[pri:1, instance:testPackage.FitpeoTest@12d2ce03]" started-at="2024-03-06T00:25:58 IST" name="launchBrowserMethod" finished-at="2024-03-06T00:26:04 IST" duration-ms="5392" status="PASS">
          <reporter-output>
          </reporter-output>
        </test-method> <!-- launchBrowserMethod -->
        <test-method signature="UserLoginTitleMethod()[pri:2, instance:testPackage.FitpeoTest@12d2ce03]" started-at="2024-03-06T00:26:04 IST" name="UserLoginTitleMethod" finished-at="2024-03-06T00:26:13 IST" duration-ms="9232" status="PASS">
          <reporter-output>
          </reporter-output>
        </test-method> <!-- UserLoginTitleMethod -->
        <test-method is-config="true" signature="quitMethod()[pri:0, instance:testPackage.FitpeoTest@12d2ce03]" started-at="2024-03-06T00:26:13 IST" name="quitMethod" finished-at="2024-03-06T00:26:14 IST" duration-ms="1228" status="PASS">
          <reporter-output>
          </reporter-output>
        </test-method> <!-- quitMethod -->
      </class> <!-- testPackage.FitpeoTest -->
    </test> <!-- Default test -->
  </suite> <!-- Default suite -->
</testng-results>
